<?xml version="1.0" encoding="UTF-8"?>
<!-- Generated by org.testng.reporters.JUnitReportReporter -->
<testsuite hostname="SUNNY-PC" name="TestWg.test" tests="1" failures="0" timestamp="14 Aug 2016 12:19:03 GMT" time="9.548" errors="0">
  <testcase name="clickButtonFeelingLucky" time="9.548" classname="TestWg.test"/>
</testsuite> <!-- TestWg.test -->
