<?xml version="1.0" encoding="UTF-8"?>
<!-- Generated by org.testng.reporters.JUnitReportReporter -->
<testsuite hostname="SUNNY-PC" name="TestWg.test" tests="1" failures="0" timestamp="8 Aug 2016 17:39:10 GMT" time="7.828" errors="0">
  <testcase name="clickButtonFeelingLucky" time="7.828" classname="TestWg.test"/>
</testsuite> <!-- TestWg.test -->
